<?xml version="1.0" encoding="UTF-8"?>
<!-- Generated by org.testng.reporters.JUnitReportReporter -->
<testsuite skipped="0" hostname="DESKTOP-DCJAIFL" name="testNG_Concepts.GooglwHomePageTest" tests="2" failures="0" timestamp="2020-01-19T07:35:25 PST" time="21.933" errors="0">
  <testcase name="testGoogleLogo" time="10.398" classname="testNG_Concepts.GooglwHomePageTest"/>
  <testcase name="googleTitleTest" time="11.535" classname="testNG_Concepts.GooglwHomePageTest"/>
</testsuite> <!-- testNG_Concepts.GooglwHomePageTest -->
