<?xml version="1.0" encoding="UTF-8"?>
<!-- Generated by org.testng.reporters.JUnitReportReporter -->
<testsuite skipped="0" hostname="DESKTOP-DCJAIFL" name="testNG_Concepts.ParameterTest" tests="1" failures="0" timestamp="2020-01-19T07:59:17 PST" time="10.844" errors="0">
  <testcase name="GoolgeLoginTest" time="10.844" classname="testNG_Concepts.ParameterTest"/>
</testsuite> <!-- testNG_Concepts.ParameterTest -->
