<?xml version="1.0" encoding="UTF-8"?>
<!-- Generated by org.testng.reporters.JUnitReportReporter -->
<testsuite skipped="0" hostname="DESKTOP-DCJAIFL" name="testNG_Concepts.TestNg_Basics" tests="1" failures="0" timestamp="2020-01-18T16:13:56 PST" time="0.005" errors="0">
  <testcase name="googleTitleTest" time="0.005" classname="testNG_Concepts.TestNg_Basics"/>
</testsuite> <!-- testNG_Concepts.TestNg_Basics -->
