<?xml version="1.0" encoding="UTF-8"?>
<!-- Generated by org.testng.reporters.JUnitReportReporter -->
<testsuite skipped="0" hostname="DESKTOP-DCJAIFL" name="testNG_Concepts.DataProviderMethodTest" tests="1" failures="0" timestamp="2020-01-19T10:47:35 PST" time="11.672" errors="0">
  <testcase name="GoogleLogin" time="11.672" classname="testNG_Concepts.DataProviderMethodTest"/>
</testsuite> <!-- testNG_Concepts.DataProviderMethodTest -->
