<?xml version="1.0" encoding="UTF-8"?>
<!-- Generated by org.testng.reporters.JUnitReportReporter -->
<testsuite skipped="0" hostname="DESKTOP-DCJAIFL" name="testNG_Concepts.GoogleTest" tests="2" failures="0" timestamp="2020-01-18T16:45:09 PST" time="21.846" errors="0">
  <testcase name="testGoogleLogo" time="11.094" classname="testNG_Concepts.GoogleTest"/>
  <testcase name="googleTitleTest" time="10.752" classname="testNG_Concepts.GoogleTest"/>
</testsuite> <!-- testNG_Concepts.GoogleTest -->
