<?xml version="1.0" encoding="UTF-8"?>
<!-- Generated by org.testng.reporters.JUnitReportReporter -->
<testsuite skipped="0" hostname="DESKTOP-DCJAIFL" name="testNG_Concepts.TestNGFeatures" tests="2" failures="0" timestamp="2020-01-19T07:35:25 PST" time="0.007" errors="0">
  <testcase name="testTwo" time="0.006" classname="testNG_Concepts.TestNGFeatures"/>
  <testcase name="testOne" time="0.001" classname="testNG_Concepts.TestNGFeatures"/>
</testsuite> <!-- testNG_Concepts.TestNGFeatures -->
