<?xml version="1.0" encoding="UTF-8"?>
<!-- Generated by org.testng.reporters.JUnitReportReporter -->
<testsuite skipped="0" hostname="DESKTOP-DCJAIFL" name="testNG_Concepts.InvocationCount" tests="10" failures="0" timestamp="2020-01-27T14:30:38 PST" time="0.011" errors="0">
  <testcase name="sum" time="0.001" classname="testNG_Concepts.InvocationCount"/>
  <testcase name="sum" time="0.000" classname="testNG_Concepts.InvocationCount"/>
  <testcase name="sum" time="0.001" classname="testNG_Concepts.InvocationCount"/>
  <testcase name="sum" time="0.005" classname="testNG_Concepts.InvocationCount"/>
  <testcase name="sum" time="0.001" classname="testNG_Concepts.InvocationCount"/>
  <testcase name="sum" time="0.000" classname="testNG_Concepts.InvocationCount"/>
  <testcase name="sum" time="0.001" classname="testNG_Concepts.InvocationCount"/>
  <testcase name="sum" time="0.000" classname="testNG_Concepts.InvocationCount"/>
  <testcase name="sum" time="0.001" classname="testNG_Concepts.InvocationCount"/>
  <testcase name="sum" time="0.001" classname="testNG_Concepts.InvocationCount"/>
</testsuite> <!-- testNG_Concepts.InvocationCount -->
